<?xml version="1.0" encoding="UTF-8"?>
<testng-results ignored="0" total="1" passed="1" failed="0" skipped="0">
  <reporter-output>
  </reporter-output>
  <suite started-at="2022-06-07T16:28:14 BDT" name="Default suite" finished-at="2022-06-07T16:29:04 BDT" duration-ms="50101">
    <groups>
    </groups>
    <test started-at="2022-06-07T16:28:14 BDT" name="Default test" finished-at="2022-06-07T16:29:04 BDT" duration-ms="50101">
      <class name="testCasePackage.GihubLoginVerifyUsername">
        <test-method is-config="true" signature="setup()[pri:0, instance:testCasePackage.GihubLoginVerifyUsername@52b1beb6]" started-at="2022-06-07T16:28:11 BDT" name="setup" finished-at="2022-06-07T16:28:14 BDT" duration-ms="3309" status="PASS">
          <reporter-output>
          </reporter-output>
        </test-method> <!-- setup -->
        <test-method signature="locatorLearning()[pri:0, instance:testCasePackage.GihubLoginVerifyUsername@52b1beb6]" started-at="2022-06-07T16:28:14 BDT" name="locatorLearning" finished-at="2022-06-07T16:29:04 BDT" duration-ms="50049" status="PASS">
          <reporter-output>
          </reporter-output>
        </test-method> <!-- locatorLearning -->
        <test-method is-config="true" signature="tearDown()[pri:0, instance:testCasePackage.GihubLoginVerifyUsername@52b1beb6]" started-at="2022-06-07T16:29:04 BDT" name="tearDown" finished-at="2022-06-07T16:29:05 BDT" duration-ms="248" status="PASS">
          <reporter-output>
          </reporter-output>
        </test-method> <!-- tearDown -->
      </class> <!-- testCasePackage.GihubLoginVerifyUsername -->
    </test> <!-- Default test -->
  </suite> <!-- Default suite -->
</testng-results>
